<?xml version="1.0" encoding="UTF-8"?>
<!-- Generated by org.testng.reporters.JUnitReportReporter -->
<testsuite hostname="user-PC" failures="0" tests="1" name="saucelab.Browser" time="5.539" errors="0" timestamp="2023-03-29T17:37:30 IST" skipped="0">
  <testcase classname="saucelab.Browser" name="login" time="5.539"/>
  <system-out/>
</testsuite> <!-- saucelab.Browser -->
