<?xml version="1.0" encoding="UTF-8"?>
<!-- Generated by org.testng.reporters.JUnitReportReporter -->
<testsuite hostname="user-PC" failures="0" tests="1" name="saucelab.Search_validation" time="17.057" errors="0" timestamp="2023-03-29T17:37:30 IST" skipped="0">
  <testcase classname="saucelab.Search_validation" name="matching_Text" time="17.057"/>
  <system-out/>
</testsuite> <!-- saucelab.Search_validation -->
