<?xml version="1.0" encoding="UTF-8"?>
<!-- Generated by org.testng.reporters.JUnitReportReporter -->
<testsuite hostname="user-PC" failures="0" tests="1" name="saucelab.Add_cart" time="8.529" errors="0" timestamp="2023-03-29T17:37:30 IST" skipped="0">
  <testcase classname="saucelab.Add_cart" name="product_add" time="8.529"/>
  <system-out/>
</testsuite> <!-- saucelab.Add_cart -->
