<?xml version="1.0" encoding="UTF-8"?>
<!-- Generated by org.testng.reporters.JUnitReportReporter -->
<testsuite hostname="user-PC" failures="0" tests="4" name="demo.Priority_demo" time="0.005" errors="0" timestamp="2023-03-29T17:37:30 IST" skipped="0">
  <testcase classname="demo.Priority_demo" name="testcase4" time="0.001"/>
  <system-out/>
  <testcase classname="demo.Priority_demo" name="testcase3" time="0.001"/>
  <system-out/>
  <testcase classname="demo.Priority_demo" name="testcase2" time="0.002"/>
  <system-out/>
  <testcase classname="demo.Priority_demo" name="testcase1" time="0.001"/>
  <system-out/>
</testsuite> <!-- demo.Priority_demo -->
