<?xml version="1.0" encoding="UTF-8"?>
<!-- Generated by org.testng.reporters.JUnitReportReporter -->
<testsuite hostname="user-PC" failures="0" tests="1" name="demo.Example1" time="8.819" errors="0" timestamp="2023-03-29T17:37:30 IST" skipped="0">
  <testcase classname="demo.Example1" name="browser" time="8.819"/>
  <system-out/>
</testsuite> <!-- demo.Example1 -->
