<?xml version="1.0" encoding="UTF-8"?>
<!-- Generated by org.testng.reporters.JUnitReportReporter -->
<testsuite hostname="user-PC" failures="0" tests="1" name="rediffalert.Alert_check" time="8.803" errors="0" timestamp="2023-03-29T17:37:30 IST" skipped="0">
  <testcase classname="rediffalert.Alert_check" name="checkbox_validation" time="8.803"/>
  <system-out/>
</testsuite> <!-- rediffalert.Alert_check -->
