<?xml version="1.0" encoding="UTF-8"?>
<!-- Generated by org.testng.reporters.JUnitReportReporter -->
<testsuite hostname="user-PC" failures="0" tests="1" name="saucelab.Dropdown_navigate" time="9.889" errors="0" timestamp="2023-03-29T17:37:30 IST" skipped="0">
  <testcase classname="saucelab.Dropdown_navigate" name="check_Dropdown" time="9.889"/>
  <system-out/>
</testsuite> <!-- saucelab.Dropdown_navigate -->
