<?xml version="1.0" encoding="UTF-8"?>
<!-- Generated by org.testng.reporters.JUnitReportReporter -->
<testsuite hostname="user-PC" failures="0" tests="2" name="demo.Annotation_demo" time="0.014" errors="0" timestamp="2023-03-29T17:43:00 IST" skipped="0">
  <testcase classname="demo.Annotation_demo" name="testcase1" time="0.011"/>
  <system-out/>
  <testcase classname="demo.Annotation_demo" name="testcase2" time="0.003"/>
  <system-out/>
</testsuite> <!-- demo.Annotation_demo -->
